TN:
SF:C:\Users\dylan\Documents\workspaces\iso-logger\src\index.js
FN:12,(anonymous_0)
FN:60,(anonymous_1)
FN:72,(anonymous_2)
FN:76,(anonymous_3)
FN:88,(anonymous_4)
FN:112,(anonymous_5)
FN:116,(anonymous_6)
FN:135,(anonymous_7)
FN:142,(anonymous_8)
FN:157,(anonymous_9)
FN:167,(anonymous_10)
FN:177,(anonymous_11)
FN:187,(anonymous_12)
FN:197,(anonymous_13)
FN:206,(anonymous_14)
FN:207,(anonymous_15)
FNF:16
FNH:16
FNDA:6,(anonymous_0)
FNDA:2,(anonymous_1)
FNDA:3,(anonymous_2)
FNDA:3,(anonymous_3)
FNDA:6,(anonymous_4)
FNDA:3,(anonymous_5)
FNDA:2,(anonymous_6)
FNDA:1,(anonymous_7)
FNDA:3,(anonymous_8)
FNDA:2,(anonymous_9)
FNDA:2,(anonymous_10)
FNDA:3,(anonymous_11)
FNDA:2,(anonymous_12)
FNDA:2,(anonymous_13)
FNDA:1,(anonymous_14)
FNDA:1,(anonymous_15)
DA:13,6
DA:48,0
DA:61,2
DA:62,2
DA:63,2
DA:73,3
DA:74,3
DA:75,3
DA:76,3
DA:77,3
DA:91,6
DA:93,3
DA:94,3
DA:96,2
DA:97,2
DA:99,1
DA:102,5
DA:113,3
DA:114,1
DA:116,1
DA:117,2
DA:118,1
DA:122,1
DA:125,3
DA:136,1
DA:137,0
DA:140,1
DA:142,1
DA:143,3
DA:144,3
DA:148,1
DA:158,2
DA:168,2
DA:178,3
DA:188,2
DA:198,2
DA:207,1
DA:208,1
DA:209,1
LF:39
LH:37
BRDA:12,0,0,1
BRDA:60,1,0,2
BRDA:72,2,0,2
BRDA:91,3,0,3
BRDA:91,3,1,2
BRDA:91,3,2,1
BRDA:113,4,0,1
BRDA:113,4,1,2
BRDA:117,5,0,1
BRDA:117,5,1,1
BRDA:136,6,0,0
BRDA:136,6,1,1
BRDA:143,7,0,3
BRDA:143,7,1,0
BRDA:206,8,0,0
BRF:15
BRH:12
end_of_record
TN:
SF:C:\Users\dylan\Documents\workspaces\iso-logger\src\console-proxy\index.js
FN:12,(anonymous_0)
FN:53,(anonymous_1)
FNF:2
FNH:2
FNDA:2,(anonymous_0)
FNDA:5,(anonymous_1)
DA:13,2
DA:14,2
DA:15,2
DA:54,5
DA:56,5
DA:57,3
DA:58,3
LF:7
LH:7
BRDA:12,0,0,0
BRDA:53,1,0,5
BRDA:54,2,0,2
BRDA:54,2,1,3
BRDA:54,3,0,5
BRDA:54,3,1,4
BRDA:56,4,0,3
BRDA:56,4,1,2
BRF:8
BRH:7
end_of_record
